<?xml version="1.0" encoding="UTF-8"?>
<!-- Generated by org.testng.reporters.JUnitReportReporter -->
<testsuite hostname="DESKTOP-V5VRT8O" failures="0" tests="1" name="qaclickacademy1.AppTest" time="0.015" errors="0" timestamp="2022-07-15T14:31:47 IST" skipped="0">
  <testcase classname="qaclickacademy1.AppTest" name="BrowserAutomation" time="0.015"/>
  <system-out/>
</testsuite> <!-- qaclickacademy1.AppTest -->
