<?xml version="1.0" encoding="UTF-8"?>
<!-- Generated by org.testng.reporters.JUnitReportReporter -->
<testsuite skipped="0" hostname="DESKTOP-V5VRT8O" name="qaclickacademy1.RESTAPITest" tests="2" failures="0" timestamp="2022-07-16T13:43:02 IST" time="0.000" errors="0">
  <testcase name="postJira" time="0.000" classname="qaclickacademy1.RESTAPITest"/>
  <system-out/>
  <testcase name="deleteTwitter" time="0.000" classname="qaclickacademy1.RESTAPITest"/>
  <system-out/>
</testsuite> <!-- qaclickacademy1.RESTAPITest -->
