<?xml version="1.0" encoding="UTF-8"?>
<!-- Generated by org.testng.reporters.JUnitReportReporter -->
<testsuite skipped="0" hostname="DESKTOP-V5VRT8O" name="qaclickacademy1.SeleniumTest" tests="2" failures="0" timestamp="2022-07-16T13:43:02 IST" time="0.001" errors="0">
  <testcase name="elementUi" time="0.001" classname="qaclickacademy1.SeleniumTest"/>
  <system-out/>
  <testcase name="BrowserAutomation" time="0.000" classname="qaclickacademy1.SeleniumTest"/>
  <system-out/>
</testsuite> <!-- qaclickacademy1.SeleniumTest -->
