<?xml version="1.0" encoding="UTF-8"?>
<!-- Generated by org.testng.reporters.JUnitReportReporter -->
<testsuite skipped="0" hostname="DESKTOP-V5VRT8O" name="qaclickacademy1.AppTest" tests="2" failures="0" timestamp="2022-07-16T13:43:02 IST" time="0.009" errors="0">
  <testcase name="NativeAPpAndroid" time="0.001" classname="qaclickacademy1.AppTest"/>
  <system-out/>
  <testcase name="IOSApps" time="0.008" classname="qaclickacademy1.AppTest"/>
  <system-out/>
</testsuite> <!-- qaclickacademy1.AppTest -->
